INFO [2021-06-09 11:18:32] $x
INFO [2021-06-09 11:18:32] list(CoV1$Term, MERS$Term, CoV2$Term)
INFO [2021-06-09 11:18:32] 
INFO [2021-06-09 11:18:32] $category.names
INFO [2021-06-09 11:18:32] c("SARS-CoV-1", "MERS-CoV", "SARS-CoV-2")
INFO [2021-06-09 11:18:32] 
INFO [2021-06-09 11:18:32] $filename
INFO [2021-06-09 11:18:32] [1] "Venn_diagram_Reactome_2016.png"
INFO [2021-06-09 11:18:32] 
INFO [2021-06-09 11:18:32] $output
INFO [2021-06-09 11:18:32] [1] TRUE
INFO [2021-06-09 11:18:32] 
INFO [2021-06-09 11:18:32] $main
INFO [2021-06-09 11:18:32] [1] "Reactome 2016"
INFO [2021-06-09 11:18:32] 
INFO [2021-06-09 11:18:32] $main.pos
INFO [2021-06-09 11:18:32] c(0.5, 1.05)
INFO [2021-06-09 11:18:32] 
INFO [2021-06-09 11:18:32] $main.fontfamily
INFO [2021-06-09 11:18:32] [1] "sans"
INFO [2021-06-09 11:18:32] 
INFO [2021-06-09 11:18:32] $main.cex
INFO [2021-06-09 11:18:32] [1] 2
INFO [2021-06-09 11:18:32] 
INFO [2021-06-09 11:18:32] $main.just
INFO [2021-06-09 11:18:32] c(0.5, 0.5)
INFO [2021-06-09 11:18:32] 
INFO [2021-06-09 11:18:32] $imagetype
INFO [2021-06-09 11:18:32] [1] "png"
INFO [2021-06-09 11:18:32] 
INFO [2021-06-09 11:18:32] $lwd
INFO [2021-06-09 11:18:32] [1] 1
INFO [2021-06-09 11:18:32] 
INFO [2021-06-09 11:18:32] $col
INFO [2021-06-09 11:18:32] c("#70abb3", "#f37736", "#7bc043")
INFO [2021-06-09 11:18:32] 
INFO [2021-06-09 11:18:32] $fill
INFO [2021-06-09 11:18:32] c(alpha("#70abb3", 0.3), alpha("#f37736", 0.3), alpha("#7bc043", 
INFO [2021-06-09 11:18:32]     0.3))
INFO [2021-06-09 11:18:32] 
INFO [2021-06-09 11:18:32] $cex
INFO [2021-06-09 11:18:32] [1] 0.9
INFO [2021-06-09 11:18:32] 
INFO [2021-06-09 11:18:32] $fontfamily
INFO [2021-06-09 11:18:32] [1] "sans"
INFO [2021-06-09 11:18:32] 
INFO [2021-06-09 11:18:32] $cat.cex
INFO [2021-06-09 11:18:32] [1] 1
INFO [2021-06-09 11:18:32] 
INFO [2021-06-09 11:18:32] $cat.default.pos
INFO [2021-06-09 11:18:32] [1] "outer"
INFO [2021-06-09 11:18:32] 
INFO [2021-06-09 11:18:32] $cat.pos
INFO [2021-06-09 11:18:32] c(-10, 10, 180)
INFO [2021-06-09 11:18:32] 
INFO [2021-06-09 11:18:32] $cat.dist
INFO [2021-06-09 11:18:32] c(0.025, 0.025, 0.02)
INFO [2021-06-09 11:18:32] 
INFO [2021-06-09 11:18:32] $cat.fontfamily
INFO [2021-06-09 11:18:32] [1] "sans"
INFO [2021-06-09 11:18:32] 
INFO [2021-06-09 11:18:32] $cat.col
INFO [2021-06-09 11:18:32] c("#70abb3", "#f37736", "#7bc043")
INFO [2021-06-09 11:18:32] 
INFO [2021-06-09 11:18:32] $rotation
INFO [2021-06-09 11:18:32] [1] 1
INFO [2021-06-09 11:18:32] 
