INFO [2021-06-09 11:17:59] $x
INFO [2021-06-09 11:17:59] list(CoV1$Term, MERS$Term, CoV2$Term)
INFO [2021-06-09 11:17:59] 
INFO [2021-06-09 11:17:59] $category.names
INFO [2021-06-09 11:17:59] c("SARS-CoV-1", "MERS-CoV", "SARS-CoV-2")
INFO [2021-06-09 11:17:59] 
INFO [2021-06-09 11:17:59] $filename
INFO [2021-06-09 11:17:59] [1] "Venn_diagram_KEGG_2021.png"
INFO [2021-06-09 11:17:59] 
INFO [2021-06-09 11:17:59] $output
INFO [2021-06-09 11:17:59] [1] TRUE
INFO [2021-06-09 11:17:59] 
INFO [2021-06-09 11:17:59] $main
INFO [2021-06-09 11:17:59] [1] "KEGG 2021"
INFO [2021-06-09 11:17:59] 
INFO [2021-06-09 11:17:59] $main.pos
INFO [2021-06-09 11:17:59] c(0.5, 1)
INFO [2021-06-09 11:17:59] 
INFO [2021-06-09 11:17:59] $main.fontfamily
INFO [2021-06-09 11:17:59] [1] "sans"
INFO [2021-06-09 11:17:59] 
INFO [2021-06-09 11:17:59] $main.cex
INFO [2021-06-09 11:17:59] [1] 2
INFO [2021-06-09 11:17:59] 
INFO [2021-06-09 11:17:59] $main.just
INFO [2021-06-09 11:17:59] c(0.5, 0.5)
INFO [2021-06-09 11:17:59] 
INFO [2021-06-09 11:17:59] $imagetype
INFO [2021-06-09 11:17:59] [1] "png"
INFO [2021-06-09 11:17:59] 
INFO [2021-06-09 11:17:59] $lwd
INFO [2021-06-09 11:17:59] [1] 1
INFO [2021-06-09 11:17:59] 
INFO [2021-06-09 11:17:59] $col
INFO [2021-06-09 11:17:59] c("#70abb3", "#f37736", "#7bc043")
INFO [2021-06-09 11:17:59] 
INFO [2021-06-09 11:17:59] $fill
INFO [2021-06-09 11:17:59] c(alpha("#70abb3", 0.3), alpha("#f37736", 0.3), alpha("#7bc043", 
INFO [2021-06-09 11:17:59]     0.3))
INFO [2021-06-09 11:17:59] 
INFO [2021-06-09 11:17:59] $cex
INFO [2021-06-09 11:17:59] [1] 0.9
INFO [2021-06-09 11:17:59] 
INFO [2021-06-09 11:17:59] $fontfamily
INFO [2021-06-09 11:17:59] [1] "sans"
INFO [2021-06-09 11:17:59] 
INFO [2021-06-09 11:17:59] $cat.cex
INFO [2021-06-09 11:17:59] [1] 1
INFO [2021-06-09 11:17:59] 
INFO [2021-06-09 11:17:59] $cat.default.pos
INFO [2021-06-09 11:17:59] [1] "outer"
INFO [2021-06-09 11:17:59] 
INFO [2021-06-09 11:17:59] $cat.pos
INFO [2021-06-09 11:17:59] c(-170, 170, 0)
INFO [2021-06-09 11:17:59] 
INFO [2021-06-09 11:17:59] $cat.dist
INFO [2021-06-09 11:17:59] c(0.025, 0.025, 0.02)
INFO [2021-06-09 11:17:59] 
INFO [2021-06-09 11:17:59] $cat.fontfamily
INFO [2021-06-09 11:17:59] [1] "sans"
INFO [2021-06-09 11:17:59] 
INFO [2021-06-09 11:17:59] $cat.col
INFO [2021-06-09 11:17:59] c("#70abb3", "#f37736", "#7bc043")
INFO [2021-06-09 11:17:59] 
INFO [2021-06-09 11:17:59] $rotation
INFO [2021-06-09 11:17:59] [1] 1
INFO [2021-06-09 11:17:59] 
